# JRE version: Java(TM) SE Runtime Environment (17.0.12+8) (build 17.0.12+8-LTS-286)
# Java VM: Java HotSpot(TM) 64-Bit Server VM (17.0.12+8-LTS-286, mixed mode, emulated-client, sharing, tiered, compressed oops, compressed class ptrs, g1 gc, windows-amd64)
GC Precious Log:
 CPUs: 4 total, 4 available
 Memory: 3903M
 Large Page Support: Disabled
 NUMA Support: Disabled
 Compressed Oops: Enabled (32-bit)
 Heap Region Size: 1M
 Heap Min Capacity: 8M
 Heap Initial Capacity: 62M
 Heap Max Capacity: 976M
 Pre-touch: Disabled
 Parallel Workers: 4
 Concurrent Workers: 1
 Concurrent Refinement Workers: 4
 Periodic GC: Disabled
Heap:
 garbage-first heap   total 63488K, used 19411K [0x00000000c3000000, 0x0000000100000000)
  region size 1024K, 3 young (3072K), 3 survivors (3072K)
 Metaspace       used 28462K, committed 28864K, reserved 1114112K
  class space    used 3925K, committed 4096K, reserved 1048576K
GC Heap History (17 events):
Event: 1.914 GC heap before
{Heap before GC invocations=0 (full 0):
 garbage-first heap   total 63488K, used 14336K [0x00000000c3000000, 0x0000000100000000)
  region size 1024K, 13 young (13312K), 0 survivors (0K)
 Metaspace       used 3991K, committed 4096K, reserved 1114112K
  class space    used 492K, committed 512K, reserved 1048576K
}
Event: 1.927 GC heap after
{Heap after GC invocations=1 (full 0):
 garbage-first heap   total 63488K, used 7200K [0x00000000c3000000, 0x0000000100000000)
  region size 1024K, 2 young (2048K), 2 survivors (2048K)
 Metaspace       used 3991K, committed 4096K, reserved 1114112K
  class space    used 492K, committed 512K, reserved 1048576K
}
Event: 2.519 GC heap before
{Heap before GC invocations=1 (full 0):
 garbage-first heap   total 63488K, used 14368K [0x00000000c3000000, 0x0000000100000000)
  region size 1024K, 9 young (9216K), 2 survivors (2048K)
 Metaspace       used 6200K, committed 6400K, reserved 1114112K
  class space    used 756K, committed 832K, reserved 1048576K
}
Event: 2.526 GC heap after
{Heap after GC invocations=2 (full 0):
 garbage-first heap   total 63488K, used 8546K [0x00000000c3000000, 0x0000000100000000)
  region size 1024K, 2 young (2048K), 2 survivors (2048K)
 Metaspace       used 6200K, committed 6400K, reserved 1114112K
  class space    used 756K, committed 832K, reserved 1048576K
}
Event: 3.770 GC heap before
{Heap before GC invocations=2 (full 0):
 garbage-first heap   total 63488K, used 26978K [0x00000000c3000000, 0x0000000100000000)
  region size 1024K, 20 young (20480K), 2 survivors (2048K)
 Metaspace       used 9834K, committed 10112K, reserved 1114112K
  class space    used 1298K, committed 1472K, reserved 1048576K
}
Event: 3.776 GC heap after
{Heap after GC invocations=3 (full 0):
 garbage-first heap   total 63488K, used 9687K [0x00000000c3000000, 0x0000000100000000)
  region size 1024K, 3 young (3072K), 3 survivors (3072K)
 Metaspace       used 9834K, committed 10112K, reserved 1114112K
  class space    used 1298K, committed 1472K, reserved 1048576K
}
Event: 5.170 GC heap before
{Heap before GC invocations=3 (full 0):
 garbage-first heap   total 63488K, used 38359K [0x00000000c3000000, 0x0000000100000000)
  region size 1024K, 31 young (31744K), 3 survivors (3072K)
 Metaspace       used 16111K, committed 16320K, reserved 1114112K
  class space    used 2077K, committed 2176K, reserved 1048576K
}
Event: 5.179 GC heap after
{Heap after GC invocations=4 (full 0):
 garbage-first heap   total 63488K, used 11540K [0x00000000c3000000, 0x0000000100000000)
  region size 1024K, 3 young (3072K), 3 survivors (3072K)
 Metaspace       used 16111K, committed 16320K, reserved 1114112K
  class space    used 2077K, committed 2176K, reserved 1048576K
}
Event: 7.303 GC heap before
{Heap before GC invocations=4 (full 0):
 garbage-first heap   total 63488K, used 40212K [0x00000000c3000000, 0x0000000100000000)
  region size 1024K, 32 young (32768K), 3 survivors (3072K)
 Metaspace       used 21291K, committed 21504K, reserved 1114112K
  class space    used 2844K, committed 2944K, reserved 1048576K
}
Event: 7.310 GC heap after
{Heap after GC invocations=5 (full 0):
 garbage-first heap   total 63488K, used 13374K [0x00000000c3000000, 0x0000000100000000)
  region size 1024K, 4 young (4096K), 4 survivors (4096K)
 Metaspace       used 21291K, committed 21504K, reserved 1114112K
  class space    used 2844K, committed 2944K, reserved 1048576K
}
Event: 7.818 GC heap before
{Heap before GC invocations=6 (full 0):
 garbage-first heap   total 55296K, used 42046K [0x00000000c3000000, 0x0000000100000000)
  region size 1024K, 32 young (32768K), 4 survivors (4096K)
 Metaspace       used 22903K, committed 23232K, reserved 1114112K
  class space    used 3054K, committed 3200K, reserved 1048576K
}
Event: 7.826 GC heap after
{Heap after GC invocations=7 (full 0):
 garbage-first heap   total 55296K, used 15742K [0x00000000c3000000, 0x0000000100000000)
  region size 1024K, 4 young (4096K), 4 survivors (4096K)
 Metaspace       used 22903K, committed 23232K, reserved 1114112K
  class space    used 3054K, committed 3200K, reserved 1048576K
}
Event: 7.842 GC heap before
{Heap before GC invocations=7 (full 0):
 garbage-first heap   total 55296K, used 15742K [0x00000000c3000000, 0x0000000100000000)
  region size 1024K, 5 young (5120K), 4 survivors (4096K)
 Metaspace       used 22969K, committed 23296K, reserved 1114112K
  class space    used 3062K, committed 3200K, reserved 1048576K
}
Event: 7.852 GC heap after
{Heap after GC invocations=8 (full 0):
 garbage-first heap   total 55296K, used 16472K [0x00000000c3000000, 0x0000000100000000)
  region size 1024K, 1 young (1024K), 1 survivors (1024K)
 Metaspace       used 22969K, committed 23296K, reserved 1114112K
  class space    used 3062K, committed 3200K, reserved 1048576K
}
Event: 8.287 GC heap before
{Heap before GC invocations=8 (full 0):
 garbage-first heap   total 55296K, used 39000K [0x00000000c3000000, 0x0000000100000000)
  region size 1024K, 23 young (23552K), 1 survivors (1024K)
 Metaspace       used 25096K, committed 25344K, reserved 1114112K
  class space    used 3407K, committed 3520K, reserved 1048576K
}
Event: 8.293 GC heap after
{Heap after GC invocations=9 (full 0):
 garbage-first heap   total 55296K, used 17455K [0x00000000c3000000, 0x0000000100000000)
  region size 1024K, 2 young (2048K), 2 survivors (2048K)
 Metaspace       used 25096K, committed 25344K, reserved 1114112K
  class space    used 3407K, committed 3520K, reserved 1048576K
}
Event: 8.764 GC heap before
{Heap before GC invocations=9 (full 0):
 garbage-first heap   total 55296K, used 39983K [0x00000000c3000000, 0x0000000100000000)
  region size 1024K, 24 young (24576K), 2 survivors (2048K)
 Metaspace       used 28462K, committed 28864K, reserved 1114112K
  class space    used 3925K, committed 4096K, reserved 1048576K
}

