# JRE version: Java(TM) SE Runtime Environment (17.0.12+8) (build 17.0.12+8-LTS-286)
# Java VM: Java HotSpot(TM) 64-Bit Server VM (17.0.12+8-LTS-286, mixed mode, emulated-client, sharing, tiered, compressed oops, compressed class ptrs, g1 gc, windows-amd64)
GC Precious Log:
 CPUs: 4 total, 4 available
 Memory: 3903M
 Large Page Support: Disabled
 NUMA Support: Disabled
 Compressed Oops: Enabled (32-bit)
 Heap Region Size: 1M
 Heap Min Capacity: 8M
 Heap Initial Capacity: 62M
 Heap Max Capacity: 976M
 Pre-touch: Disabled
 Parallel Workers: 4
 Concurrent Workers: 1
 Concurrent Refinement Workers: 4
 Periodic GC: Disabled
Heap:
 garbage-first heap   total 63488K, used 31167K [0x00000000c3000000, 0x0000000100000000)
  region size 1024K, 2 young (2048K), 2 survivors (2048K)
 Metaspace       used 43169K, committed 43776K, reserved 1114112K
  class space    used 6217K, committed 6528K, reserved 1048576K
GC Heap History (20 events):
Event: 11.616 GC heap after
{Heap after GC invocations=5 (full 0):
 garbage-first heap   total 63488K, used 13400K [0x00000000c3000000, 0x0000000100000000)
  region size 1024K, 4 young (4096K), 4 survivors (4096K)
 Metaspace       used 21273K, committed 21504K, reserved 1114112K
  class space    used 2845K, committed 2944K, reserved 1048576K
}
Event: 11.618 GC heap before
{Heap before GC invocations=5 (full 0):
 garbage-first heap   total 63488K, used 13400K [0x00000000c3000000, 0x0000000100000000)
  region size 1024K, 5 young (5120K), 4 survivors (4096K)
 Metaspace       used 21294K, committed 21504K, reserved 1114112K
  class space    used 2847K, committed 2944K, reserved 1048576K
}
Event: 11.623 GC heap after
{Heap after GC invocations=6 (full 0):
 garbage-first heap   total 63488K, used 13633K [0x00000000c3000000, 0x0000000100000000)
  region size 1024K, 2 young (2048K), 2 survivors (2048K)
 Metaspace       used 21294K, committed 21504K, reserved 1114112K
  class space    used 2847K, committed 2944K, reserved 1048576K
}
Event: 12.263 GC heap before
{Heap before GC invocations=7 (full 0):
 garbage-first heap   total 51200K, used 42305K [0x00000000c3000000, 0x0000000100000000)
  region size 1024K, 30 young (30720K), 2 survivors (2048K)
 Metaspace       used 22908K, committed 23232K, reserved 1114112K
  class space    used 3058K, committed 3200K, reserved 1048576K
}
Event: 12.269 GC heap after
{Heap after GC invocations=8 (full 0):
 garbage-first heap   total 51200K, used 15883K [0x00000000c3000000, 0x0000000100000000)
  region size 1024K, 4 young (4096K), 4 survivors (4096K)
 Metaspace       used 22908K, committed 23232K, reserved 1114112K
  class space    used 3058K, committed 3200K, reserved 1048576K
}
Event: 12.684 GC heap before
{Heap before GC invocations=8 (full 0):
 garbage-first heap   total 51200K, used 36363K [0x00000000c3000000, 0x0000000100000000)
  region size 1024K, 24 young (24576K), 4 survivors (4096K)
 Metaspace       used 24824K, committed 25152K, reserved 1114112K
  class space    used 3366K, committed 3520K, reserved 1048576K
}
Event: 12.694 GC heap after
{Heap after GC invocations=9 (full 0):
 garbage-first heap   total 51200K, used 16790K [0x00000000c3000000, 0x0000000100000000)
  region size 1024K, 2 young (2048K), 2 survivors (2048K)
 Metaspace       used 24824K, committed 25152K, reserved 1114112K
  class space    used 3366K, committed 3520K, reserved 1048576K
}
Event: 13.147 GC heap before
{Heap before GC invocations=9 (full 0):
 garbage-first heap   total 51200K, used 37270K [0x00000000c3000000, 0x0000000100000000)
  region size 1024K, 22 young (22528K), 2 survivors (2048K)
 Metaspace       used 27686K, committed 28160K, reserved 1114112K
  class space    used 3813K, committed 4032K, reserved 1048576K
}
Event: 13.156 GC heap after
{Heap after GC invocations=10 (full 0):
 garbage-first heap   total 51200K, used 18614K [0x00000000c3000000, 0x0000000100000000)
  region size 1024K, 3 young (3072K), 3 survivors (3072K)
 Metaspace       used 27686K, committed 28160K, reserved 1114112K
  class space    used 3813K, committed 4032K, reserved 1048576K
}
Event: 13.616 GC heap before
{Heap before GC invocations=10 (full 0):
 garbage-first heap   total 51200K, used 40118K [0x00000000c3000000, 0x0000000100000000)
  region size 1024K, 23 young (23552K), 3 survivors (3072K)
 Metaspace       used 30803K, committed 31296K, reserved 1114112K
  class space    used 4236K, committed 4480K, reserved 1048576K
}
Event: 13.628 GC heap after
{Heap after GC invocations=11 (full 0):
 garbage-first heap   total 61440K, used 20500K [0x00000000c3000000, 0x0000000100000000)
  region size 1024K, 2 young (2048K), 2 survivors (2048K)
 Metaspace       used 30803K, committed 31296K, reserved 1114112K
  class space    used 4236K, committed 4480K, reserved 1048576K
}
Event: 14.099 GC heap before
{Heap before GC invocations=11 (full 0):
 garbage-first heap   total 61440K, used 47124K [0x00000000c3000000, 0x0000000100000000)
  region size 1024K, 28 young (28672K), 2 survivors (2048K)
 Metaspace       used 32074K, committed 32576K, reserved 1114112K
  class space    used 4436K, committed 4672K, reserved 1048576K
}
Event: 14.107 GC heap after
{Heap after GC invocations=12 (full 0):
 garbage-first heap   total 61440K, used 21465K [0x00000000c3000000, 0x0000000100000000)
  region size 1024K, 3 young (3072K), 3 survivors (3072K)
 Metaspace       used 32074K, committed 32576K, reserved 1114112K
  class space    used 4436K, committed 4672K, reserved 1048576K
}
Event: 14.592 GC heap before
{Heap before GC invocations=12 (full 0):
 garbage-first heap   total 61440K, used 40921K [0x00000000c3000000, 0x0000000100000000)
  region size 1024K, 24 young (24576K), 3 survivors (3072K)
 Metaspace       used 35748K, committed 36160K, reserved 1114112K
  class space    used 4977K, committed 5184K, reserved 1048576K
}
Event: 14.604 GC heap after
{Heap after GC invocations=13 (full 0):
 garbage-first heap   total 61440K, used 22871K [0x00000000c3000000, 0x0000000100000000)
  region size 1024K, 3 young (3072K), 3 survivors (3072K)
 Metaspace       used 35748K, committed 36160K, reserved 1114112K
  class space    used 4977K, committed 5184K, reserved 1048576K
}
Event: 15.035 GC heap before
{Heap before GC invocations=14 (full 0):
 garbage-first heap   total 61440K, used 46423K [0x00000000c3000000, 0x0000000100000000)
  region size 1024K, 27 young (27648K), 3 survivors (3072K)
 Metaspace       used 38505K, committed 39040K, reserved 1114112K
  class space    used 5432K, committed 5696K, reserved 1048576K
}
Event: 15.044 GC heap after
{Heap after GC invocations=15 (full 0):
 garbage-first heap   total 61440K, used 25586K [0x00000000c3000000, 0x0000000100000000)
  region size 1024K, 4 young (4096K), 4 survivors (4096K)
 Metaspace       used 38505K, committed 39040K, reserved 1114112K
  class space    used 5432K, committed 5696K, reserved 1048576K
}
Event: 15.376 GC heap before
{Heap before GC invocations=15 (full 0):
 garbage-first heap   total 61440K, used 48114K [0x00000000c3000000, 0x0000000100000000)
  region size 1024K, 26 young (26624K), 4 survivors (4096K)
 Metaspace       used 40632K, committed 41152K, reserved 1114112K
  class space    used 5758K, committed 5952K, reserved 1048576K
}
Event: 15.388 GC heap after
{Heap after GC invocations=16 (full 0):
 garbage-first heap   total 61440K, used 29313K [0x00000000c3000000, 0x0000000100000000)
  region size 1024K, 4 young (4096K), 4 survivors (4096K)
 Metaspace       used 40632K, committed 41152K, reserved 1114112K
  class space    used 5758K, committed 5952K, reserved 1048576K
}
Event: 15.893 GC heap before
{Heap before GC invocations=16 (full 0):
 garbage-first heap   total 61440K, used 46721K [0x00000000c3000000, 0x0000000100000000)
  region size 1024K, 21 young (21504K), 4 survivors (4096K)
 Metaspace       used 43169K, committed 43776K, reserved 1114112K
  class space    used 6217K, committed 6528K, reserved 1048576K
}

