# JRE version: Java(TM) SE Runtime Environment (17.0.12+8) (build 17.0.12+8-LTS-286)
# Java VM: Java HotSpot(TM) 64-Bit Server VM (17.0.12+8-LTS-286, mixed mode, emulated-client, sharing, tiered, compressed oops, compressed class ptrs, g1 gc, windows-amd64)
GC Precious Log:
 CPUs: 4 total, 4 available
 Memory: 3903M
 Large Page Support: Disabled
 NUMA Support: Disabled
 Compressed Oops: Enabled (32-bit)
 Heap Region Size: 1M
 Heap Min Capacity: 8M
 Heap Initial Capacity: 62M
 Heap Max Capacity: 976M
 Pre-touch: Disabled
 Parallel Workers: 4
 Concurrent Workers: 1
 Concurrent Refinement Workers: 4
 Periodic GC: Disabled
Heap:
 garbage-first heap   total 66560K, used 23020K [0x00000000c3000000, 0x0000000100000000)
  region size 1024K, 3 young (3072K), 3 survivors (3072K)
 Metaspace       used 35900K, committed 36288K, reserved 1114112K
  class space    used 5005K, committed 5184K, reserved 1048576K
GC Heap History (20 events):
Event: 1.351 GC heap after
{Heap after GC invocations=1 (full 0):
 garbage-first heap   total 63488K, used 7079K [0x00000000c3000000, 0x0000000100000000)
  region size 1024K, 2 young (2048K), 2 survivors (2048K)
 Metaspace       used 4092K, committed 4288K, reserved 1114112K
  class space    used 506K, committed 576K, reserved 1048576K
}
Event: 1.995 GC heap before
{Heap before GC invocations=1 (full 0):
 garbage-first heap   total 63488K, used 13223K [0x00000000c3000000, 0x0000000100000000)
  region size 1024K, 9 young (9216K), 2 survivors (2048K)
 Metaspace       used 6237K, committed 6464K, reserved 1114112K
  class space    used 760K, committed 832K, reserved 1048576K
}
Event: 2.002 GC heap after
{Heap after GC invocations=2 (full 0):
 garbage-first heap   total 63488K, used 8422K [0x00000000c3000000, 0x0000000100000000)
  region size 1024K, 2 young (2048K), 2 survivors (2048K)
 Metaspace       used 6237K, committed 6464K, reserved 1114112K
  class space    used 760K, committed 832K, reserved 1048576K
}
Event: 2.954 GC heap before
{Heap before GC invocations=2 (full 0):
 garbage-first heap   total 63488K, used 25830K [0x00000000c3000000, 0x0000000100000000)
  region size 1024K, 20 young (20480K), 2 survivors (2048K)
 Metaspace       used 9901K, committed 10240K, reserved 1114112K
  class space    used 1307K, committed 1472K, reserved 1048576K
}
Event: 2.962 GC heap after
{Heap after GC invocations=3 (full 0):
 garbage-first heap   total 63488K, used 9550K [0x00000000c3000000, 0x0000000100000000)
  region size 1024K, 3 young (3072K), 3 survivors (3072K)
 Metaspace       used 9901K, committed 10240K, reserved 1114112K
  class space    used 1307K, committed 1472K, reserved 1048576K
}
Event: 3.654 GC heap before
{Heap before GC invocations=3 (full 0):
 garbage-first heap   total 63488K, used 39246K [0x00000000c3000000, 0x0000000100000000)
  region size 1024K, 32 young (32768K), 3 survivors (3072K)
 Metaspace       used 16343K, committed 16640K, reserved 1114112K
  class space    used 2117K, committed 2240K, reserved 1048576K
}
Event: 3.663 GC heap after
{Heap after GC invocations=4 (full 0):
 garbage-first heap   total 63488K, used 11394K [0x00000000c3000000, 0x0000000100000000)
  region size 1024K, 3 young (3072K), 3 survivors (3072K)
 Metaspace       used 16343K, committed 16640K, reserved 1114112K
  class space    used 2117K, committed 2240K, reserved 1048576K
}
Event: 5.721 GC heap before
{Heap before GC invocations=4 (full 0):
 garbage-first heap   total 63488K, used 39042K [0x00000000c3000000, 0x0000000100000000)
  region size 1024K, 31 young (31744K), 3 survivors (3072K)
 Metaspace       used 21290K, committed 21504K, reserved 1114112K
  class space    used 2844K, committed 2944K, reserved 1048576K
}
Event: 5.729 GC heap after
{Heap after GC invocations=5 (full 0):
 garbage-first heap   total 63488K, used 13258K [0x00000000c3000000, 0x0000000100000000)
  region size 1024K, 4 young (4096K), 4 survivors (4096K)
 Metaspace       used 21290K, committed 21504K, reserved 1114112K
  class space    used 2844K, committed 2944K, reserved 1048576K
}
Event: 6.334 GC heap before
{Heap before GC invocations=6 (full 0):
 garbage-first heap   total 55296K, used 40906K [0x00000000c3000000, 0x0000000100000000)
  region size 1024K, 32 young (32768K), 4 survivors (4096K)
 Metaspace       used 22903K, committed 23232K, reserved 1114112K
  class space    used 3054K, committed 3200K, reserved 1048576K
}
Event: 6.345 GC heap after
{Heap after GC invocations=7 (full 0):
 garbage-first heap   total 55296K, used 15597K [0x00000000c3000000, 0x0000000100000000)
  region size 1024K, 4 young (4096K), 4 survivors (4096K)
 Metaspace       used 22903K, committed 23232K, reserved 1114112K
  class space    used 3054K, committed 3200K, reserved 1048576K
}
Event: 6.374 GC heap before
{Heap before GC invocations=7 (full 0):
 garbage-first heap   total 55296K, used 16621K [0x00000000c3000000, 0x0000000100000000)
  region size 1024K, 5 young (5120K), 4 survivors (4096K)
 Metaspace       used 22969K, committed 23296K, reserved 1114112K
  class space    used 3062K, committed 3200K, reserved 1048576K
}
Event: 6.386 GC heap after
{Heap after GC invocations=8 (full 0):
 garbage-first heap   total 66560K, used 16474K [0x00000000c3000000, 0x0000000100000000)
  region size 1024K, 1 young (1024K), 1 survivors (1024K)
 Metaspace       used 22969K, committed 23296K, reserved 1114112K
  class space    used 3062K, committed 3200K, reserved 1048576K
}
Event: 7.462 GC heap before
{Heap before GC invocations=8 (full 0):
 garbage-first heap   total 66560K, used 48218K [0x00000000c3000000, 0x0000000100000000)
  region size 1024K, 32 young (32768K), 1 survivors (1024K)
 Metaspace       used 26361K, committed 26880K, reserved 1114112K
  class space    used 3598K, committed 3840K, reserved 1048576K
}
Event: 7.473 GC heap after
{Heap after GC invocations=9 (full 0):
 garbage-first heap   total 66560K, used 18164K [0x00000000c3000000, 0x0000000100000000)
  region size 1024K, 3 young (3072K), 3 survivors (3072K)
 Metaspace       used 26361K, committed 26880K, reserved 1114112K
  class space    used 3598K, committed 3840K, reserved 1048576K
}
Event: 8.395 GC heap before
{Heap before GC invocations=9 (full 0):
 garbage-first heap   total 66560K, used 48884K [0x00000000c3000000, 0x0000000100000000)
  region size 1024K, 32 young (32768K), 3 survivors (3072K)
 Metaspace       used 30922K, committed 31424K, reserved 1114112K
  class space    used 4248K, committed 4480K, reserved 1048576K
}
Event: 8.410 GC heap after
{Heap after GC invocations=10 (full 0):
 garbage-first heap   total 66560K, used 20785K [0x00000000c3000000, 0x0000000100000000)
  region size 1024K, 3 young (3072K), 3 survivors (3072K)
 Metaspace       used 30922K, committed 31424K, reserved 1114112K
  class space    used 4248K, committed 4480K, reserved 1048576K
}
Event: 8.917 GC heap before
{Heap before GC invocations=10 (full 0):
 garbage-first heap   total 66560K, used 49457K [0x00000000c3000000, 0x0000000100000000)
  region size 1024K, 31 young (31744K), 3 survivors (3072K)
 Metaspace       used 32391K, committed 32960K, reserved 1114112K
  class space    used 4477K, committed 4736K, reserved 1048576K
}
Event: 8.926 GC heap after
{Heap after GC invocations=11 (full 0):
 garbage-first heap   total 66560K, used 22187K [0x00000000c3000000, 0x0000000100000000)
  region size 1024K, 2 young (2048K), 2 survivors (2048K)
 Metaspace       used 32391K, committed 32960K, reserved 1114112K
  class space    used 4477K, committed 4736K, reserved 1048576K
}
Event: 9.484 GC heap before
{Heap before GC invocations=11 (full 0):
 garbage-first heap   total 66560K, used 40619K [0x00000000c3000000, 0x0000000100000000)
  region size 1024K, 21 young (21504K), 2 survivors (2048K)
 Metaspace       used 35900K, committed 36288K, reserved 1114112K
  class space    used 5005K, committed 5184K, reserved 1048576K
}

